{"level":"\u001b[34mINFO\u001b[0m","time":"2026-06-23T01:04:07.170+0700","msg":"Opening SQLite database at /home/tk211111/coding/kpokjn/data/data.db"}
{"level":"\u001b[34mINFO\u001b[0m","time":"2026-06-23T01:04:07.171+0700","msg":"SQLite schema migrations applied"}
{"level":"\u001b[34mINFO\u001b[0m","time":"2026-06-23T01:04:07.171+0700","msg":"SQLite writer started"}
{"level":"\u001b[35mDEBUG\u001b[0m","time":"2026-06-23T01:04:09.671+0700","msg":"GET https://data.alpaca.markets/v2/stocks/TSLA/bars?timeframe=15min&adjustment=all&limit=0&start=2026-06-23T00:04:07+07:00&end=2026-06-23T01:04:09+07:00"}
{"level":"\u001b[31mERROR\u001b[0m","time":"2026-06-23T01:04:10.500+0700","msg":"Alpaca API returned status 400: {\"message\":\"Invalid format for parameter start: error parsing '2026-06-23T00:04:07 07:00' as RFC3339 or 2006-01-02 time: parsing time \\\"2026-06-23T00:04:07 07:00\\\": extra text: \\\"T00:04:07 07:00\\\"\"}\n"}
{"level":"\u001b[35mDEBUG\u001b[0m","time":"2026-06-23T01:04:11.672+0700","msg":"GET https://data.alpaca.markets/v2/stocks/TSLA/bars?timeframe=15min&adjustment=all&limit=0&start=2026-06-23T00:04:07+07:00&end=2026-06-23T01:04:11+07:00"}
{"level":"\u001b[34mINFO\u001b[0m","time":"2026-06-23T01:09:57.143+0700","msg":"Opening SQLite database at /home/tk211111/coding/kpokjn/data/data.db"}
{"level":"\u001b[34mINFO\u001b[0m","time":"2026-06-23T01:09:57.143+0700","msg":"SQLite schema migrations applied"}
{"level":"\u001b[34mINFO\u001b[0m","time":"2026-06-23T01:09:57.143+0700","msg":"SQLite writer started"}
{"level":"\u001b[35mDEBUG\u001b[0m","time":"2026-06-23T01:09:59.644+0700","msg":"GET https://data.alpaca.markets/v2/stocks/TSLA/bars?timeframe=15min&adjustment=all&limit=0&start=2026-06-22T17:09:57Z&end=2026-06-22T18:09:59Z"}
{"level":"\u001b[31mERROR\u001b[0m","time":"2026-06-23T01:10:00.478+0700","msg":"Alpaca API returned status 403: {\"message\":\"subscription does not permit querying recent SIP data\"}\n"}
{"level":"\u001b[35mDEBUG\u001b[0m","time":"2026-06-23T01:10:01.144+0700","msg":"GET https://data.alpaca.markets/v2/stocks/TSLA/bars?timeframe=15min&adjustment=all&limit=0&start=2026-06-22T17:09:57Z&end=2026-06-22T18:10:01Z"}
{"level":"\u001b[31mERROR\u001b[0m","time":"2026-06-23T01:10:01.409+0700","msg":"Alpaca API returned status 403: {\"message\":\"subscription does not permit querying recent SIP data\"}\n"}
{"level":"\u001b[34mINFO\u001b[0m","time":"2026-06-23T01:11:37.517+0700","msg":"Opening SQLite database at /home/tk211111/coding/kpokjn/data/data.db"}
{"level":"\u001b[34mINFO\u001b[0m","time":"2026-06-23T01:11:37.517+0700","msg":"SQLite schema migrations applied"}
{"level":"\u001b[34mINFO\u001b[0m","time":"2026-06-23T01:11:37.518+0700","msg":"SQLite writer started"}
{"level":"\u001b[35mDEBUG\u001b[0m","time":"2026-06-23T01:11:40.019+0700","msg":"GET https://data.alpaca.markets/v2/stocks/TSLA/bars?timeframe=15min&adjustment=all&limit=0&start=2026-06-22T16:11:37Z&end=2026-06-22T17:11:39Z"}
{"level":"\u001b[31mERROR\u001b[0m","time":"2026-06-23T01:11:40.855+0700","msg":"Alpaca API returned status 400: {\"message\":\"invalid limit: should be positive\"}\n"}
{"level":"\u001b[35mDEBUG\u001b[0m","time":"2026-06-23T01:11:42.019+0700","msg":"GET https://data.alpaca.markets/v2/stocks/TSLA/bars?timeframe=15min&adjustment=all&limit=0&start=2026-06-22T16:11:37Z&end=2026-06-22T17:11:41Z"}
{"level":"\u001b[31mERROR\u001b[0m","time":"2026-06-23T01:11:42.283+0700","msg":"Alpaca API returned status 400: {\"message\":\"invalid limit: should be positive\"}\n"}
{"level":"\u001b[34mINFO\u001b[0m","time":"2026-06-23T01:12:10.282+0700","msg":"Opening SQLite database at /home/tk211111/coding/kpokjn/data/data.db"}
{"level":"\u001b[34mINFO\u001b[0m","time":"2026-06-23T01:12:10.282+0700","msg":"SQLite schema migrations applied"}
{"level":"\u001b[34mINFO\u001b[0m","time":"2026-06-23T01:12:10.282+0700","msg":"SQLite writer started"}
{"level":"\u001b[35mDEBUG\u001b[0m","time":"2026-06-23T01:12:12.283+0700","msg":"GET https://data.alpaca.markets/v2/stocks/TSLA/bars?timeframe=15min&adjustment=all&limit=2000&start=2026-06-22T16:12:10Z&end=2026-06-22T17:12:12Z"}
{"level":"\u001b[35mDEBUG\u001b[0m","time":"2026-06-23T01:12:13.107+0700","msg":"Fetched 4 bars for TSLA. Total so far: 4"}
{"level":"\u001b[35mDEBUG\u001b[0m","time":"2026-06-23T01:12:13.107+0700","msg":"Finished fetching all 4 bars for TSLA"}
{"level":"\u001b[34mINFO\u001b[0m","time":"2026-06-23T01:14:08.760+0700","msg":"Opening SQLite database at /home/tk211111/coding/kpokjn/data/data.db"}
{"level":"\u001b[34mINFO\u001b[0m","time":"2026-06-23T01:14:08.760+0700","msg":"SQLite schema migrations applied"}
{"level":"\u001b[34mINFO\u001b[0m","time":"2026-06-23T01:14:08.760+0700","msg":"SQLite writer started"}
{"level":"\u001b[35mDEBUG\u001b[0m","time":"2026-06-23T01:14:10.761+0700","msg":"GET https://data.alpaca.markets/v2/stocks/TSLA/bars?timeframe=15min&adjustment=all&limit=2000&start=2026-06-22T16:14:08Z&end=2026-06-22T17:14:10Z"}
{"level":"\u001b[35mDEBUG\u001b[0m","time":"2026-06-23T01:14:11.646+0700","msg":"Fetched 4 bars for TSLA. Total so far: 4"}
{"level":"\u001b[35mDEBUG\u001b[0m","time":"2026-06-23T01:14:11.646+0700","msg":"Finished fetching all 4 bars for TSLA"}
{"level":"\u001b[34mINFO\u001b[0m","time":"2026-06-23T01:16:41.587+0700","msg":"Opening SQLite database at /home/tk211111/coding/kpokjn/data/data.db"}
{"level":"\u001b[34mINFO\u001b[0m","time":"2026-06-23T01:16:41.587+0700","msg":"SQLite schema migrations applied"}
{"level":"\u001b[34mINFO\u001b[0m","time":"2026-06-23T01:16:41.587+0700","msg":"SQLite writer started"}
{"level":"\u001b[35mDEBUG\u001b[0m","time":"2026-06-23T01:16:44.088+0700","msg":"GET https://data.alpaca.markets/v2/stocks/TSLA/bars?timeframe=15min&adjustment=all&limit=2000&start=2026-06-22T16:16:41Z&end=2026-06-22T17:16:43Z"}
{"level":"\u001b[35mDEBUG\u001b[0m","time":"2026-06-23T01:16:44.945+0700","msg":"Fetched 4 bars for TSLA. Total so far: 4"}
{"level":"\u001b[35mDEBUG\u001b[0m","time":"2026-06-23T01:16:44.945+0700","msg":"Finished fetching all 4 bars for TSLA"}
{"level":"\u001b[35mDEBUG\u001b[0m","time":"2026-06-23T01:16:46.088+0700","msg":"GET https://data.alpaca.markets/v2/stocks/TSLA/bars?timeframe=15min&adjustment=all&limit=2000&start=2026-06-22T16:16:41Z&end=2026-06-22T17:16:45Z"}
{"level":"\u001b[35mDEBUG\u001b[0m","time":"2026-06-23T01:16:46.909+0700","msg":"Fetched 4 bars for TSLA. Total so far: 4"}
{"level":"\u001b[35mDEBUG\u001b[0m","time":"2026-06-23T01:16:46.910+0700","msg":"Finished fetching all 4 bars for TSLA"}
{"level":"\u001b[34mINFO\u001b[0m","time":"2026-06-23T01:17:34.896+0700","msg":"Opening SQLite database at /home/tk211111/coding/kpokjn/data/data.db"}
{"level":"\u001b[34mINFO\u001b[0m","time":"2026-06-23T01:17:34.896+0700","msg":"SQLite schema migrations applied"}
{"level":"\u001b[34mINFO\u001b[0m","time":"2026-06-23T01:17:34.896+0700","msg":"SQLite writer started"}
{"level":"\u001b[35mDEBUG\u001b[0m","time":"2026-06-23T01:17:37.397+0700","msg":"GET https://data.alpaca.markets/v2/stocks/TSLA/bars?timeframe=15min&adjustment=all&limit=2000&start=2026-06-22T16:17:34Z&end=2026-06-22T17:17:36Z"}
{"level":"\u001b[35mDEBUG\u001b[0m","time":"2026-06-23T01:17:38.238+0700","msg":"Fetched 4 bars for TSLA. Total so far: 4"}
{"level":"\u001b[35mDEBUG\u001b[0m","time":"2026-06-23T01:17:38.238+0700","msg":"Finished fetching all 4 bars for TSLA"}
{"level":"\u001b[35mDEBUG\u001b[0m","time":"2026-06-23T01:17:38.897+0700","msg":"GET https://data.alpaca.markets/v2/stocks/TSLA/bars?timeframe=15min&adjustment=all&limit=2000&start=2026-06-22T16:17:34Z&end=2026-06-22T17:17:38Z"}
{"level":"\u001b[35mDEBUG\u001b[0m","time":"2026-06-23T01:17:39.718+0700","msg":"Fetched 4 bars for TSLA. Total so far: 4"}
{"level":"\u001b[35mDEBUG\u001b[0m","time":"2026-06-23T01:17:39.718+0700","msg":"Finished fetching all 4 bars for TSLA"}
{"level":"\u001b[35mDEBUG\u001b[0m","time":"2026-06-23T01:17:41.396+0700","msg":"GET https://data.alpaca.markets/v2/stocks/TSLA/bars?timeframe=15min&adjustment=all&limit=2000&start=2026-06-22T16:17:34Z&end=2026-06-22T17:17:40Z"}
{"level":"\u001b[35mDEBUG\u001b[0m","time":"2026-06-23T01:17:42.230+0700","msg":"Fetched 4 bars for TSLA. Total so far: 4"}
{"level":"\u001b[35mDEBUG\u001b[0m","time":"2026-06-23T01:17:42.230+0700","msg":"Finished fetching all 4 bars for TSLA"}
{"level":"\u001b[35mDEBUG\u001b[0m","time":"2026-06-23T01:17:43.397+0700","msg":"GET https://data.alpaca.markets/v2/stocks/TSLA/bars?timeframe=15min&adjustment=all&limit=2000&start=2026-06-22T16:17:34Z&end=2026-06-22T17:17:42Z"}
{"level":"\u001b[35mDEBUG\u001b[0m","time":"2026-06-23T01:17:44.220+0700","msg":"Fetched 4 bars for TSLA. Total so far: 4"}
{"level":"\u001b[35mDEBUG\u001b[0m","time":"2026-06-23T01:17:44.220+0700","msg":"Finished fetching all 4 bars for TSLA"}
{"level":"\u001b[35mDEBUG\u001b[0m","time":"2026-06-23T01:17:45.396+0700","msg":"GET https://data.alpaca.markets/v2/stocks/TSLA/bars?timeframe=15min&adjustment=all&limit=2000&start=2026-06-22T16:17:34Z&end=2026-06-22T17:17:44Z"}
{"level":"\u001b[35mDEBUG\u001b[0m","time":"2026-06-23T01:17:46.225+0700","msg":"Fetched 4 bars for TSLA. Total so far: 4"}
{"level":"\u001b[35mDEBUG\u001b[0m","time":"2026-06-23T01:17:46.225+0700","msg":"Finished fetching all 4 bars for TSLA"}
{"level":"\u001b[35mDEBUG\u001b[0m","time":"2026-06-23T01:17:47.396+0700","msg":"GET https://data.alpaca.markets/v2/stocks/TSLA/bars?timeframe=15min&adjustment=all&limit=2000&start=2026-06-22T16:17:34Z&end=2026-06-22T17:17:46Z"}
{"level":"\u001b[35mDEBUG\u001b[0m","time":"2026-06-23T01:17:48.217+0700","msg":"Fetched 4 bars for TSLA. Total so far: 4"}
{"level":"\u001b[35mDEBUG\u001b[0m","time":"2026-06-23T01:17:48.217+0700","msg":"Finished fetching all 4 bars for TSLA"}
{"level":"\u001b[35mDEBUG\u001b[0m","time":"2026-06-23T01:17:49.396+0700","msg":"GET https://data.alpaca.markets/v2/stocks/TSLA/bars?timeframe=15min&adjustment=all&limit=2000&start=2026-06-22T16:17:34Z&end=2026-06-22T17:17:48Z"}
{"level":"\u001b[35mDEBUG\u001b[0m","time":"2026-06-23T01:17:50.216+0700","msg":"Fetched 4 bars for TSLA. Total so far: 4"}
{"level":"\u001b[35mDEBUG\u001b[0m","time":"2026-06-23T01:17:50.216+0700","msg":"Finished fetching all 4 bars for TSLA"}
{"level":"\u001b[35mDEBUG\u001b[0m","time":"2026-06-23T01:17:51.397+0700","msg":"GET https://data.alpaca.markets/v2/stocks/TSLA/bars?timeframe=15min&adjustment=all&limit=2000&start=2026-06-22T16:17:34Z&end=2026-06-22T17:17:50Z"}
{"level":"\u001b[35mDEBUG\u001b[0m","time":"2026-06-23T01:17:52.212+0700","msg":"Fetched 4 bars for TSLA. Total so far: 4"}
{"level":"\u001b[35mDEBUG\u001b[0m","time":"2026-06-23T01:17:52.212+0700","msg":"Finished fetching all 4 bars for TSLA"}
{"level":"\u001b[35mDEBUG\u001b[0m","time":"2026-06-23T01:17:52.896+0700","msg":"GET https://data.alpaca.markets/v2/stocks/TSLA/bars?timeframe=15min&adjustment=all&limit=2000&start=2026-06-22T16:17:34Z&end=2026-06-22T17:17:52Z"}
{"level":"\u001b[34mINFO\u001b[0m","time":"2026-06-23T01:20:18.839+0700","msg":"Opening SQLite database at /home/tk211111/coding/kpokjn/data/data.db"}
{"level":"\u001b[34mINFO\u001b[0m","time":"2026-06-23T01:20:18.840+0700","msg":"SQLite schema migrations applied"}
{"level":"\u001b[34mINFO\u001b[0m","time":"2026-06-23T01:20:18.840+0700","msg":"SQLite writer started"}
{"level":"\u001b[35mDEBUG\u001b[0m","time":"2026-06-23T01:20:21.341+0700","msg":"GET https://data.alpaca.markets/v2/stocks/TSLA/bars?timeframe=15min&adjustment=all&limit=2000&start=2026-06-22T16:20:18Z&end=2026-06-22T17:20:20Z"}
{"level":"\u001b[35mDEBUG\u001b[0m","time":"2026-06-23T01:20:22.170+0700","msg":"Fetched 4 bars for TSLA. Total so far: 4"}
{"level":"\u001b[35mDEBUG\u001b[0m","time":"2026-06-23T01:20:22.170+0700","msg":"Finished fetching all 4 bars for TSLA"}
{"level":"\u001b[35mDEBUG\u001b[0m","time":"2026-06-23T01:20:23.341+0700","msg":"GET https://data.alpaca.markets/v2/stocks/TSLA/bars?timeframe=15min&adjustment=all&limit=2000&start=2026-06-22T16:20:18Z&end=2026-06-22T17:20:22Z"}
{"level":"\u001b[35mDEBUG\u001b[0m","time":"2026-06-23T01:20:24.159+0700","msg":"Fetched 4 bars for TSLA. Total so far: 4"}
{"level":"\u001b[35mDEBUG\u001b[0m","time":"2026-06-23T01:20:24.159+0700","msg":"Finished fetching all 4 bars for TSLA"}
{"level":"\u001b[35mDEBUG\u001b[0m","time":"2026-06-23T01:20:24.840+0700","msg":"GET https://data.alpaca.markets/v2/stocks/TSLA/bars?timeframe=15min&adjustment=all&limit=2000&start=2026-06-22T16:20:18Z&end=2026-06-22T17:20:24Z"}
{"level":"\u001b[35mDEBUG\u001b[0m","time":"2026-06-23T01:20:25.662+0700","msg":"Fetched 4 bars for TSLA. Total so far: 4"}
{"level":"\u001b[35mDEBUG\u001b[0m","time":"2026-06-23T01:20:25.662+0700","msg":"Finished fetching all 4 bars for TSLA"}
{"level":"\u001b[35mDEBUG\u001b[0m","time":"2026-06-23T01:20:26.841+0700","msg":"GET https://data.alpaca.markets/v2/stocks/TSLA/bars?timeframe=15min&adjustment=all&limit=2000&start=2026-06-22T16:20:18Z&end=2026-06-22T17:20:26Z"}
{"level":"\u001b[35mDEBUG\u001b[0m","time":"2026-06-23T01:20:27.675+0700","msg":"Fetched 4 bars for TSLA. Total so far: 4"}
{"level":"\u001b[35mDEBUG\u001b[0m","time":"2026-06-23T01:20:27.675+0700","msg":"Finished fetching all 4 bars for TSLA"}
{"level":"\u001b[35mDEBUG\u001b[0m","time":"2026-06-23T01:20:29.340+0700","msg":"GET https://data.alpaca.markets/v2/stocks/TSLA/bars?timeframe=15min&adjustment=all&limit=2000&start=2026-06-22T16:20:18Z&end=2026-06-22T17:20:28Z"}
{"level":"\u001b[35mDEBUG\u001b[0m","time":"2026-06-23T01:20:30.160+0700","msg":"Fetched 4 bars for TSLA. Total so far: 4"}
{"level":"\u001b[35mDEBUG\u001b[0m","time":"2026-06-23T01:20:30.160+0700","msg":"Finished fetching all 4 bars for TSLA"}
{"level":"\u001b[35mDEBUG\u001b[0m","time":"2026-06-23T01:20:30.840+0700","msg":"GET https://data.alpaca.markets/v2/stocks/TSLA/bars?timeframe=15min&adjustment=all&limit=2000&start=2026-06-22T16:20:18Z&end=2026-06-22T17:20:30Z"}
{"level":"\u001b[34mINFO\u001b[0m","time":"2026-06-23T01:21:35.579+0700","msg":"Opening SQLite database at /home/tk211111/coding/kpokjn/data/data.db"}
{"level":"\u001b[34mINFO\u001b[0m","time":"2026-06-23T01:21:35.580+0700","msg":"SQLite schema migrations applied"}
{"level":"\u001b[34mINFO\u001b[0m","time":"2026-06-23T01:21:35.580+0700","msg":"SQLite writer started"}
{"level":"\u001b[35mDEBUG\u001b[0m","time":"2026-06-23T01:21:38.081+0700","msg":"GET https://data.alpaca.markets/v2/stocks/TSLA/bars?timeframe=15min&adjustment=all&limit=2000&start=2026-06-22T16:21:35Z&end=2026-06-22T17:21:37Z"}
{"level":"\u001b[35mDEBUG\u001b[0m","time":"2026-06-23T01:21:38.914+0700","msg":"Fetched 4 bars for TSLA. Total so far: 4"}
{"level":"\u001b[35mDEBUG\u001b[0m","time":"2026-06-23T01:21:38.914+0700","msg":"Finished fetching all 4 bars for TSLA"}
{"level":"\u001b[35mDEBUG\u001b[0m","time":"2026-06-23T01:21:40.080+0700","msg":"GET https://data.alpaca.markets/v2/stocks/TSLA/bars?timeframe=15min&adjustment=all&limit=2000&start=2026-06-22T16:21:35Z&end=2026-06-22T17:21:39Z"}
{"level":"\u001b[35mDEBUG\u001b[0m","time":"2026-06-23T01:21:40.900+0700","msg":"Fetched 4 bars for TSLA. Total so far: 4"}
{"level":"\u001b[35mDEBUG\u001b[0m","time":"2026-06-23T01:21:40.900+0700","msg":"Finished fetching all 4 bars for TSLA"}
{"level":"\u001b[34mINFO\u001b[0m","time":"2026-06-23T01:22:54.319+0700","msg":"Opening SQLite database at /home/tk211111/coding/kpokjn/data/data.db"}
{"level":"\u001b[34mINFO\u001b[0m","time":"2026-06-23T01:22:54.319+0700","msg":"SQLite schema migrations applied"}
{"level":"\u001b[34mINFO\u001b[0m","time":"2026-06-23T01:22:54.319+0700","msg":"SQLite writer started"}
{"level":"\u001b[35mDEBUG\u001b[0m","time":"2026-06-23T01:22:56.819+0700","msg":"GET https://data.alpaca.markets/v2/stocks/TSLA/bars?timeframe=15min&adjustment=all&limit=2000&start=2026-06-22T16:22:54Z&end=2026-06-22T17:22:56Z"}
{"level":"\u001b[35mDEBUG\u001b[0m","time":"2026-06-23T01:22:57.656+0700","msg":"Fetched 4 bars for TSLA. Total so far: 4"}
{"level":"\u001b[35mDEBUG\u001b[0m","time":"2026-06-23T01:22:57.657+0700","msg":"Finished fetching all 4 bars for TSLA"}
{"level":"\u001b[35mDEBUG\u001b[0m","time":"2026-06-23T01:22:58.320+0700","msg":"GET https://data.alpaca.markets/v2/stocks/TSLA/bars?timeframe=15min&adjustment=all&limit=2000&start=2026-06-22T16:22:54Z&end=2026-06-22T17:22:58Z"}
{"level":"\u001b[34mINFO\u001b[0m","time":"2026-06-23T01:23:16.547+0700","msg":"Opening SQLite database at /home/tk211111/coding/kpokjn/data/data.db"}
{"level":"\u001b[34mINFO\u001b[0m","time":"2026-06-23T01:23:16.548+0700","msg":"SQLite schema migrations applied"}
{"level":"\u001b[34mINFO\u001b[0m","time":"2026-06-23T01:23:16.548+0700","msg":"SQLite writer started"}
{"level":"\u001b[35mDEBUG\u001b[0m","time":"2026-06-23T01:23:19.048+0700","msg":"GET https://data.alpaca.markets/v2/stocks/TSLA/bars?timeframe=15min&adjustment=all&limit=2000&start=2026-06-22T16:23:16Z&end=2026-06-22T17:23:18Z"}
{"level":"\u001b[35mDEBUG\u001b[0m","time":"2026-06-23T01:23:19.889+0700","msg":"Fetched 4 bars for TSLA. Total so far: 4"}
{"level":"\u001b[35mDEBUG\u001b[0m","time":"2026-06-23T01:23:19.889+0700","msg":"Finished fetching all 4 bars for TSLA"}
{"level":"\u001b[35mDEBUG\u001b[0m","time":"2026-06-23T01:23:21.049+0700","msg":"GET https://data.alpaca.markets/v2/stocks/TSLA/bars?timeframe=15min&adjustment=all&limit=2000&start=2026-06-22T16:23:16Z&end=2026-06-22T17:23:20Z"}
{"level":"\u001b[35mDEBUG\u001b[0m","time":"2026-06-23T01:23:21.873+0700","msg":"Fetched 4 bars for TSLA. Total so far: 4"}
{"level":"\u001b[35mDEBUG\u001b[0m","time":"2026-06-23T01:23:21.873+0700","msg":"Finished fetching all 4 bars for TSLA"}
{"level":"\u001b[35mDEBUG\u001b[0m","time":"2026-06-23T01:23:23.049+0700","msg":"GET https://data.alpaca.markets/v2/stocks/TSLA/bars?timeframe=15min&adjustment=all&limit=2000&start=2026-06-22T16:23:16Z&end=2026-06-22T17:23:22Z"}
{"level":"\u001b[35mDEBUG\u001b[0m","time":"2026-06-23T01:23:23.867+0700","msg":"Fetched 4 bars for TSLA. Total so far: 4"}
{"level":"\u001b[35mDEBUG\u001b[0m","time":"2026-06-23T01:23:23.867+0700","msg":"Finished fetching all 4 bars for TSLA"}
{"level":"\u001b[35mDEBUG\u001b[0m","time":"2026-06-23T01:23:24.549+0700","msg":"GET https://data.alpaca.markets/v2/stocks/TSLA/bars?timeframe=15min&adjustment=all&limit=2000&start=2026-06-22T16:23:16Z&end=2026-06-22T17:23:24Z"}
{"level":"\u001b[35mDEBUG\u001b[0m","time":"2026-06-23T01:23:25.375+0700","msg":"Fetched 4 bars for TSLA. Total so far: 4"}
{"level":"\u001b[35mDEBUG\u001b[0m","time":"2026-06-23T01:23:25.375+0700","msg":"Finished fetching all 4 bars for TSLA"}
{"level":"\u001b[35mDEBUG\u001b[0m","time":"2026-06-23T01:23:27.049+0700","msg":"GET https://data.alpaca.markets/v2/stocks/TSLA/bars?timeframe=15min&adjustment=all&limit=2000&start=2026-06-22T16:23:16Z&end=2026-06-22T17:23:26Z"}
{"level":"\u001b[35mDEBUG\u001b[0m","time":"2026-06-23T01:23:27.868+0700","msg":"Fetched 4 bars for TSLA. Total so far: 4"}
{"level":"\u001b[35mDEBUG\u001b[0m","time":"2026-06-23T01:23:27.868+0700","msg":"Finished fetching all 4 bars for TSLA"}
{"level":"\u001b[35mDEBUG\u001b[0m","time":"2026-06-23T01:23:28.548+0700","msg":"GET https://data.alpaca.markets/v2/stocks/TSLA/bars?timeframe=15min&adjustment=all&limit=2000&start=2026-06-22T16:23:16Z&end=2026-06-22T17:23:28Z"}
{"level":"\u001b[35mDEBUG\u001b[0m","time":"2026-06-23T01:23:29.363+0700","msg":"Fetched 4 bars for TSLA. Total so far: 4"}
{"level":"\u001b[35mDEBUG\u001b[0m","time":"2026-06-23T01:23:29.363+0700","msg":"Finished fetching all 4 bars for TSLA"}
{"level":"\u001b[35mDEBUG\u001b[0m","time":"2026-06-23T01:23:30.549+0700","msg":"GET https://data.alpaca.markets/v2/stocks/TSLA/bars?timeframe=15min&adjustment=all&limit=2000&start=2026-06-22T16:23:16Z&end=2026-06-22T17:23:30Z"}
{"level":"\u001b[35mDEBUG\u001b[0m","time":"2026-06-23T01:23:31.374+0700","msg":"Fetched 4 bars for TSLA. Total so far: 4"}
{"level":"\u001b[35mDEBUG\u001b[0m","time":"2026-06-23T01:23:31.374+0700","msg":"Finished fetching all 4 bars for TSLA"}
{"level":"\u001b[34mINFO\u001b[0m","time":"2026-06-23T01:24:19.227+0700","msg":"Opening SQLite database at /home/tk211111/coding/kpokjn/data/data.db"}
{"level":"\u001b[34mINFO\u001b[0m","time":"2026-06-23T01:24:19.227+0700","msg":"SQLite schema migrations applied"}
{"level":"\u001b[34mINFO\u001b[0m","time":"2026-06-23T01:24:19.227+0700","msg":"SQLite writer started"}
{"level":"\u001b[35mDEBUG\u001b[0m","time":"2026-06-23T01:24:21.229+0700","msg":"GET https://data.alpaca.markets/v2/stocks/TSLA/bars?timeframe=15min&adjustment=all&limit=2000&start=2026-06-22T16:24:19Z&end=2026-06-22T17:24:21Z"}
{"level":"\u001b[35mDEBUG\u001b[0m","time":"2026-06-23T01:24:22.054+0700","msg":"Fetched 4 bars for TSLA. Total so far: 4"}
{"level":"\u001b[35mDEBUG\u001b[0m","time":"2026-06-23T01:24:22.054+0700","msg":"Finished fetching all 4 bars for TSLA"}
{"level":"\u001b[35mDEBUG\u001b[0m","time":"2026-06-23T01:24:23.228+0700","msg":"GET https://data.alpaca.markets/v2/stocks/TSLA/bars?timeframe=15min&adjustment=all&limit=2000&start=2026-06-22T16:24:19Z&end=2026-06-22T17:24:23Z"}
{"level":"\u001b[35mDEBUG\u001b[0m","time":"2026-06-23T01:24:24.046+0700","msg":"Fetched 4 bars for TSLA. Total so far: 4"}
{"level":"\u001b[35mDEBUG\u001b[0m","time":"2026-06-23T01:24:24.046+0700","msg":"Finished fetching all 4 bars for TSLA"}
{"level":"\u001b[35mDEBUG\u001b[0m","time":"2026-06-23T01:24:25.228+0700","msg":"GET https://data.alpaca.markets/v2/stocks/TSLA/bars?timeframe=15min&adjustment=all&limit=2000&start=2026-06-22T16:24:19Z&end=2026-06-22T17:24:25Z"}
{"level":"\u001b[35mDEBUG\u001b[0m","time":"2026-06-23T01:24:26.050+0700","msg":"Fetched 4 bars for TSLA. Total so far: 4"}
{"level":"\u001b[35mDEBUG\u001b[0m","time":"2026-06-23T01:24:26.050+0700","msg":"Finished fetching all 4 bars for TSLA"}
{"level":"\u001b[35mDEBUG\u001b[0m","time":"2026-06-23T01:24:27.228+0700","msg":"GET https://data.alpaca.markets/v2/stocks/TSLA/bars?timeframe=15min&adjustment=all&limit=2000&start=2026-06-22T16:24:19Z&end=2026-06-22T17:24:27Z"}
{"level":"\u001b[35mDEBUG\u001b[0m","time":"2026-06-23T01:24:28.046+0700","msg":"Fetched 4 bars for TSLA. Total so far: 4"}
{"level":"\u001b[35mDEBUG\u001b[0m","time":"2026-06-23T01:24:28.046+0700","msg":"Finished fetching all 4 bars for TSLA"}
{"level":"\u001b[35mDEBUG\u001b[0m","time":"2026-06-23T01:24:29.227+0700","msg":"GET https://data.alpaca.markets/v2/stocks/TSLA/bars?timeframe=15min&adjustment=all&limit=2000&start=2026-06-22T16:24:19Z&end=2026-06-22T17:24:29Z"}
{"level":"\u001b[35mDEBUG\u001b[0m","time":"2026-06-23T01:24:30.052+0700","msg":"Fetched 4 bars for TSLA. Total so far: 4"}
{"level":"\u001b[35mDEBUG\u001b[0m","time":"2026-06-23T01:24:30.052+0700","msg":"Finished fetching all 4 bars for TSLA"}
{"level":"\u001b[35mDEBUG\u001b[0m","time":"2026-06-23T01:24:31.228+0700","msg":"GET https://data.alpaca.markets/v2/stocks/TSLA/bars?timeframe=15min&adjustment=all&limit=2000&start=2026-06-22T16:24:19Z&end=2026-06-22T17:24:31Z"}
{"level":"\u001b[35mDEBUG\u001b[0m","time":"2026-06-23T01:24:32.047+0700","msg":"Fetched 4 bars for TSLA. Total so far: 4"}
{"level":"\u001b[35mDEBUG\u001b[0m","time":"2026-06-23T01:24:32.047+0700","msg":"Finished fetching all 4 bars for TSLA"}
{"level":"\u001b[35mDEBUG\u001b[0m","time":"2026-06-23T01:24:33.228+0700","msg":"GET https://data.alpaca.markets/v2/stocks/TSLA/bars?timeframe=15min&adjustment=all&limit=2000&start=2026-06-22T16:24:19Z&end=2026-06-22T17:24:33Z"}
{"level":"\u001b[34mINFO\u001b[0m","time":"2026-06-23T12:25:45.910+0700","msg":"Opening SQLite database at /home/tk211111/coding/kpokjn/data/data.db"}
{"level":"\u001b[34mINFO\u001b[0m","time":"2026-06-23T12:25:45.911+0700","msg":"SQLite schema migrations applied"}
{"level":"\u001b[34mINFO\u001b[0m","time":"2026-06-23T12:25:45.911+0700","msg":"SQLite writer started"}
{"level":"\u001b[35mDEBUG\u001b[0m","time":"2026-06-23T12:25:47.912+0700","msg":"GET https://data.alpaca.markets/v2/stocks/TSLA/bars?timeframe=15min&adjustment=all&limit=2000&start=2026-06-23T03:25:45Z&end=2026-06-23T04:25:47Z"}
{"level":"\u001b[35mDEBUG\u001b[0m","time":"2026-06-23T12:25:48.743+0700","msg":"Fetched 0 bars for TSLA. Total so far: 0"}
{"level":"\u001b[35mDEBUG\u001b[0m","time":"2026-06-23T12:25:48.743+0700","msg":"Finished fetching all 0 bars for TSLA"}
{"level":"\u001b[35mDEBUG\u001b[0m","time":"2026-06-23T12:25:49.912+0700","msg":"GET https://data.alpaca.markets/v2/stocks/TSLA/bars?timeframe=15min&adjustment=all&limit=2000&start=2026-06-23T03:25:45Z&end=2026-06-23T04:25:49Z"}
{"level":"\u001b[35mDEBUG\u001b[0m","time":"2026-06-23T12:25:50.179+0700","msg":"Fetched 0 bars for TSLA. Total so far: 0"}
{"level":"\u001b[35mDEBUG\u001b[0m","time":"2026-06-23T12:25:50.179+0700","msg":"Finished fetching all 0 bars for TSLA"}
{"level":"\u001b[35mDEBUG\u001b[0m","time":"2026-06-23T12:25:51.912+0700","msg":"GET https://data.alpaca.markets/v2/stocks/TSLA/bars?timeframe=15min&adjustment=all&limit=2000&start=2026-06-23T03:25:45Z&end=2026-06-23T04:25:51Z"}
